\BOOKMARK [-1][-]{part.1}{I To pr'oblhma tou Waring}{}% 1
\BOOKMARK [0][-]{chapter.1}{To je'wrhma Hilbert-Waring}{part.1}% 2
\BOOKMARK [1][-]{section.1.1}{Poluwnumik'es taut'othtes kai mia eikas'ia tou Hurwitz}{chapter.1}% 3
\BOOKMARK [1][-]{section.1.2}{Polu'wnuma Hermite kai h taut'othta tou Hilbert}{chapter.1}% 4
\BOOKMARK [1][-]{section.1.3}{Ap'odeixh me epagwg'h}{chapter.1}% 5
\BOOKMARK [0][-]{chapter.2}{H anis'othta tou Weyl}{part.1}% 6
\BOOKMARK [1][-]{section.2.1}{Diofantik'h pros'eggish}{chapter.2}% 7
\BOOKMARK [1][-]{section.2.2}{Telest'es diafor'wn}{chapter.2}% 8
\BOOKMARK [1][-]{section.2.3}{Klasmatik'a m'erh}{chapter.2}% 9
\BOOKMARK [1][-]{section.2.4}{H anis'othta tou Weyl kai to l'hmma tou Hua}{chapter.2}% 10
\BOOKMARK [0][-]{chapter.3}{O asumptwtik'os t'upos twn Hardy-Littlewood}{part.1}% 11
\BOOKMARK [1][-]{section.3.1}{H m'ejodos tou k'uklou}{chapter.3}% 12
\BOOKMARK [1][-]{section.3.2}{To pr'oblhma tou Waring gia k=1}{chapter.3}% 13
\BOOKMARK [1][-]{section.3.3}{H di'aspash Hardy-Littlewood}{chapter.3}% 14
\BOOKMARK [1][-]{section.3.4}{Ta el'assona t'oxa}{chapter.3}% 15
\BOOKMARK [1][-]{section.3.5}{Ta me'izona t'oxa}{chapter.3}% 16
\BOOKMARK [1][-]{section.3.6}{To idi'azon olokl'hrwma}{chapter.3}% 17
\BOOKMARK [1][-]{section.3.7}{H idi'azousa seir'a kai to je'wrhma twn Hardy kai Littlewood}{chapter.3}% 18
\BOOKMARK [-1][-]{part.2}{II To je'wrhma tou Freiman}{}% 19
\BOOKMARK [0][-]{chapter.4}{Ajro'ismata sun'olwn}{part.2}% 20
\BOOKMARK [1][-]{section.4.1}{Basik'es ektim'hseis}{chapter.4}% 21
\BOOKMARK [1][-]{section.4.2}{Prosjetik'h en'ergeia}{chapter.4}% 22
\BOOKMARK [1][-]{section.4.3}{Logism'os tou Ruzsa}{chapter.4}% 23
\BOOKMARK [1][-]{section.4.4}{L'hmmata k'aluyhs}{chapter.4}% 24
\BOOKMARK [0][-]{chapter.5}{Gewmetr'ia twn arijm'wn}{part.2}% 25
\BOOKMARK [1][-]{section.5.1}{Pl'egmata}{chapter.5}% 26
\BOOKMARK [1][-]{section.5.2}{Kurt'a s'wmata}{chapter.5}% 27
\BOOKMARK [1][-]{section.5.3}{Pr'wto kai de'utero je'wrhma tou Minkowski}{chapter.5}% 28
\BOOKMARK [1][-]{section.5.4}{Pr'oodoi}{chapter.5}% 29
\BOOKMARK [1][-]{section.5.5}{Kurt'a s'wmata kai pl'egmata}{chapter.5}% 30
\BOOKMARK [1][-]{section.5.6}{Pr'oodoi kai gn'hsies pr'oodoi}{chapter.5}% 31
\BOOKMARK [0][-]{chapter.6}{H anis'othta tou Pl\374nnecke}{part.2}% 32
\BOOKMARK [0][-]{chapter.7}{To je'wrhma tou Freiman}{part.2}% 33
\BOOKMARK [1][-]{section.7.1}{Poludi'astates arijmhtik'es pr'oodoi}{chapter.7}% 34
\BOOKMARK [1][-]{section.7.2}{Isomorfismo'i Freiman}{chapter.7}% 35
\BOOKMARK [1][-]{section.7.3}{H m'ejodos tou Bogolyubov}{chapter.7}% 36
\BOOKMARK [1][-]{section.7.4}{To je'wrhma tou Ruzsa}{chapter.7}% 37
\BOOKMARK [0][-]{chapter.8}{Efarmog'es tou jewr'hmatos tou Freiman}{part.2}% 38
\BOOKMARK [1][-]{section.8.1}{Mikr'a ajro'ismata sun'olwn kai arijmhtik'es pr'oodoi meg'alou m'hkous}{chapter.8}% 39
\BOOKMARK [1][-]{section.8.2}{To l'hmma kanonik'othtas}{chapter.8}% 40
\BOOKMARK [1][-]{section.8.3}{To je'wrhma Balog-Szemer\351di}{chapter.8}% 41
